<?xml version="1.0" encoding="UTF-8"?>
<!-- Generated by org.testng.reporters.JUnitReportReporter -->
<testsuite hostname="VSP-6HQD6Q3" failures="0" tests="1" name="testcases.TC01_Registratio" time="11.460" errors="0" timestamp="2023-07-04T16:24:33 IST" skipped="0">
  <testcase classname="testcases.TC01_Registratio" name="register" time="11.460"/>
  <system-out/>
</testsuite> <!-- testcases.TC01_Registratio -->
