<?xml version="1.0" encoding="UTF-8"?>
<!-- Generated by org.testng.reporters.JUnitReportReporter -->
<testsuite hostname="VSP-6HQD6Q3" failures="0" tests="1" name="testcases.TC01_Registratio" time="12.005" errors="0" timestamp="2023-07-03T11:29:41 IST" skipped="0">
  <testcase classname="testcases.TC01_Registratio" name="register" time="12.005"/>
  <system-out/>
</testsuite> <!-- testcases.TC01_Registratio -->
